<?xml version="1.0" encoding="UTF-8"?>
<testng-results ignored="0" total="1" passed="1" failed="0" skipped="0">
  <reporter-output>
  </reporter-output>
  <suite started-at="2020-04-02T18:10:02 EDT" name="Default suite" finished-at="2020-04-02T18:10:31 EDT" duration-ms="29476">
    <groups>
    </groups>
    <test started-at="2020-04-02T18:10:02 EDT" name="Default test" finished-at="2020-04-02T18:10:31 EDT" duration-ms="29476">
      <class name="tests.LoginTests">
        <test-method is-config="true" signature="classLevelSetup()[pri:0, instance:tests.LoginTests@565d7d2f]" started-at="2020-04-02T18:10:02 EDT" name="classLevelSetup" finished-at="2020-04-02T18:10:02 EDT" duration-ms="29" status="PASS">
          <reporter-output>
          </reporter-output>
        </test-method> <!-- classLevelSetup -->
        <test-method is-config="true" signature="methodLevelSetup()[pri:0, instance:tests.LoginTests@565d7d2f]" started-at="2020-04-02T18:10:02 EDT" name="methodLevelSetup" finished-at="2020-04-02T18:10:02 EDT" duration-ms="1" status="PASS">
          <reporter-output>
          </reporter-output>
        </test-method> <!-- methodLevelSetup -->
        <test-method signature="ValidUserNameValidPassword()[pri:0, instance:tests.LoginTests@565d7d2f]" started-at="2020-04-02T18:10:02 EDT" name="ValidUserNameValidPassword" finished-at="2020-04-02T18:10:30 EDT" duration-ms="27684" status="PASS">
          <reporter-output>
          </reporter-output>
        </test-method> <!-- ValidUserNameValidPassword -->
        <test-method is-config="true" signature="teardown()[pri:0, instance:tests.LoginTests@565d7d2f]" started-at="2020-04-02T18:10:30 EDT" name="teardown" finished-at="2020-04-02T18:10:31 EDT" duration-ms="1391" status="PASS">
          <reporter-output>
          </reporter-output>
        </test-method> <!-- teardown -->
      </class> <!-- tests.LoginTests -->
    </test> <!-- Default test -->
  </suite> <!-- Default suite -->
</testng-results>
